<?xml version="1.0" encoding="UTF-8"?>
<!-- Generated by org.testng.reporters.JUnitXMLReporter -->
<testsuite ignored="2" hostname="Asus_KJP" failures="0" tests="1" name="Car Loan" time="0.006" errors="0" timestamp="2024-09-18T12:59:11 PDT">
  <testcase classname="TestNG.Day3" name="WebLoginCarLoan" time="0.001"/>
  <testcase classname="TestNG.Day3" name="MobileLoginCarLoan" time="0.0">
    <ignored/>
  </testcase> <!-- MobileLoginCarLoan -->
  <testcase classname="TestNG.Day3" name="APICarLoan" time="0.0">
    <ignored/>
  </testcase> <!-- APICarLoan -->
</testsuite> <!-- Car Loan -->
