<?xml version="1.0" encoding="UTF-8"?>
<!-- Generated by org.testng.reporters.JUnitXMLReporter -->
<testsuite ignored="1" hostname="Asus_KJP" failures="0" tests="8" name="Personal Loan" time="0.162" errors="0" timestamp="2024-09-18T14:04:21 PDT">
  <testcase classname="TestNG.Day1" name="Demo" time="0.021"/>
  <testcase classname="TestNG.Day1" name="SecondTest" time="0.002"/>
  <testcase classname="TestNG.Day2" name="ploan" time="0.004"/>
  <testcase classname="TestNG.Day4" name="MobileLoginHomeLoan" time="0.002"/>
  <testcase classname="TestNG.Day4" name="WebLoginHomeLoan" time="0.002"/>
  <testcase classname="TestNG.Day3" name="WebLoginCarLoan" time="0.002"/>
  <testcase classname="TestNG.Day3" name="MobileLoginCarLoan" time="0.002"/>
  <testcase classname="TestNG.Day3" name="APICarLoan" time="0.002"/>
  <testcase classname="TestNG.Day4" name="LoginAPIHomeLoan" time="0.0">
    <ignored/>
  </testcase> <!-- LoginAPIHomeLoan -->
</testsuite> <!-- Personal Loan -->
