<?xml version="1.0" encoding="UTF-8"?>
<!-- Generated by org.testng.reporters.JUnitXMLReporter -->
<testsuite ignored="6" hostname="Asus_KJP" failures="0" tests="3" name="Regression" time="0.116" errors="0" timestamp="2024-09-18T13:11:22 PDT">
  <testcase classname="TestNG.Day1" name="SecondTest" time="0.015"/>
  <testcase classname="TestNG.Day4" name="MobileLoginHomeLoan" time="0.001"/>
  <testcase classname="TestNG.Day3" name="WebLoginCarLoan" time="0.002"/>
  <testcase classname="TestNG.Day4" name="WebLoginHomeLoan" time="0.0">
    <ignored/>
  </testcase> <!-- WebLoginHomeLoan -->
  <testcase classname="TestNG.Day1" name="Demo" time="0.0">
    <ignored/>
  </testcase> <!-- Demo -->
  <testcase classname="TestNG.Day3" name="MobileLoginCarLoan" time="0.0">
    <ignored/>
  </testcase> <!-- MobileLoginCarLoan -->
  <testcase classname="TestNG.Day2" name="ploan" time="0.0">
    <ignored/>
  </testcase> <!-- ploan -->
  <testcase classname="TestNG.Day4" name="LoginAPIHomeLoan" time="0.0">
    <ignored/>
  </testcase> <!-- LoginAPIHomeLoan -->
  <testcase classname="TestNG.Day3" name="APICarLoan" time="0.0">
    <ignored/>
  </testcase> <!-- APICarLoan -->
</testsuite> <!-- Regression -->
