<?xml version="1.0" encoding="UTF-8"?>
<testng-results ignored="0" total="8" passed="8" failed="0" skipped="0">
  <reporter-output>
  </reporter-output>
  <suite started-at="2024-09-18T14:04:20 PDT" name="Loan Department" finished-at="2024-09-18T14:04:20 PDT" duration-ms="162">
    <groups>
      <group name="Smoke">
        <method signature="Day3.WebLoginCarLoan()[pri:0, instance:TestNG.Day3@25df00a0]" name="WebLoginCarLoan" class="TestNG.Day3"/>
        <method signature="Day1.SecondTest()[pri:0, instance:TestNG.Day1@15888343]" name="SecondTest" class="TestNG.Day1"/>
        <method signature="Day4.MobileLoginHomeLoan()[pri:0, instance:TestNG.Day4@4d14b6c2]" name="MobileLoginHomeLoan" class="TestNG.Day4"/>
      </group> <!-- Smoke -->
    </groups>
    <test started-at="2024-09-18T14:04:20 PDT" name="Personal Loan" finished-at="2024-09-18T14:04:20 PDT" duration-ms="162">
      <class name="TestNG.Day2">
        <test-method signature="ploan(java.lang.String)[pri:0, instance:TestNG.Day2@69c81773]" started-at="2024-09-18T14:04:20 PDT" name="ploan" finished-at="2024-09-18T14:04:20 PDT" duration-ms="4" status="PASS">
          <params>
            <param index="0">
              <value>
                <![CDATA[qaclickacademy.com]]>
              </value>
            </param>
          </params>
          <reporter-output>
          </reporter-output>
        </test-method> <!-- ploan -->
        <test-method is-config="true" signature="afterSuite()[pri:0, instance:TestNG.Day2@69c81773]" started-at="2024-09-18T14:04:21 PDT" name="afterSuite" finished-at="2024-09-18T14:04:21 PDT" duration-ms="0" status="PASS">
          <reporter-output>
          </reporter-output>
        </test-method> <!-- afterSuite -->
      </class> <!-- TestNG.Day2 -->
      <class name="TestNG.Day1">
        <test-method is-config="true" signature="beforeClass()[pri:0, instance:TestNG.Day1@15888343]" started-at="2024-09-18T14:04:20 PDT" name="beforeClass" finished-at="2024-09-18T14:04:20 PDT" duration-ms="1" status="PASS">
          <reporter-output>
          </reporter-output>
        </test-method> <!-- beforeClass -->
        <test-method signature="Demo()[pri:0, instance:TestNG.Day1@15888343]" started-at="2024-09-18T14:04:20 PDT" name="Demo" finished-at="2024-09-18T14:04:20 PDT" duration-ms="21" status="PASS">
          <reporter-output>
          </reporter-output>
        </test-method> <!-- Demo -->
        <test-method is-config="true" signature="afterMethod()[pri:0, instance:TestNG.Day1@15888343]" started-at="2024-09-18T14:04:20 PDT" name="afterMethod" finished-at="2024-09-18T14:04:20 PDT" duration-ms="1" status="PASS">
          <reporter-output>
          </reporter-output>
        </test-method> <!-- afterMethod -->
        <test-method signature="SecondTest()[pri:0, instance:TestNG.Day1@15888343]" started-at="2024-09-18T14:04:20 PDT" name="SecondTest" finished-at="2024-09-18T14:04:20 PDT" duration-ms="2" status="PASS">
          <reporter-output>
          </reporter-output>
        </test-method> <!-- SecondTest -->
        <test-method is-config="true" signature="afterMethod()[pri:0, instance:TestNG.Day1@15888343]" started-at="2024-09-18T14:04:20 PDT" name="afterMethod" finished-at="2024-09-18T14:04:20 PDT" duration-ms="0" status="PASS">
          <reporter-output>
          </reporter-output>
        </test-method> <!-- afterMethod -->
        <test-method is-config="true" signature="tearDown()[pri:0, instance:TestNG.Day1@15888343]" started-at="2024-09-18T14:04:20 PDT" name="tearDown" finished-at="2024-09-18T14:04:20 PDT" duration-ms="1" status="PASS">
          <reporter-output>
          </reporter-output>
        </test-method> <!-- tearDown -->
      </class> <!-- TestNG.Day1 -->
      <class name="TestNG.Day4">
        <test-method is-config="true" signature="setUp()[pri:0, instance:TestNG.Day4@4d14b6c2]" started-at="2024-09-18T14:04:20 PDT" name="setUp" finished-at="2024-09-18T14:04:20 PDT" duration-ms="1" status="PASS">
          <reporter-output>
          </reporter-output>
        </test-method> <!-- setUp -->
        <test-method is-config="true" signature="beforeMethod()[pri:0, instance:TestNG.Day4@4d14b6c2]" started-at="2024-09-18T14:04:20 PDT" name="beforeMethod" finished-at="2024-09-18T14:04:20 PDT" duration-ms="1" status="PASS">
          <reporter-output>
          </reporter-output>
        </test-method> <!-- beforeMethod -->
        <test-method signature="MobileLoginHomeLoan()[pri:0, instance:TestNG.Day4@4d14b6c2]" started-at="2024-09-18T14:04:20 PDT" name="MobileLoginHomeLoan" finished-at="2024-09-18T14:04:20 PDT" duration-ms="2" status="PASS">
          <reporter-output>
          </reporter-output>
        </test-method> <!-- MobileLoginHomeLoan -->
        <test-method is-config="true" signature="beforeMethod()[pri:0, instance:TestNG.Day4@4d14b6c2]" started-at="2024-09-18T14:04:20 PDT" name="beforeMethod" finished-at="2024-09-18T14:04:20 PDT" duration-ms="1" status="PASS">
          <reporter-output>
          </reporter-output>
        </test-method> <!-- beforeMethod -->
        <test-method signature="WebLoginHomeLoan()[pri:0, instance:TestNG.Day4@4d14b6c2]" started-at="2024-09-18T14:04:20 PDT" name="WebLoginHomeLoan" finished-at="2024-09-18T14:04:20 PDT" duration-ms="2" status="PASS">
          <reporter-output>
          </reporter-output>
        </test-method> <!-- WebLoginHomeLoan -->
        <test-method is-config="true" signature="afterClass()[pri:0, instance:TestNG.Day4@4d14b6c2]" started-at="2024-09-18T14:04:20 PDT" name="afterClass" finished-at="2024-09-18T14:04:20 PDT" duration-ms="1" status="PASS">
          <reporter-output>
          </reporter-output>
        </test-method> <!-- afterClass -->
      </class> <!-- TestNG.Day4 -->
      <class name="TestNG.Day3">
        <test-method is-config="true" signature="beforeSuite()[pri:0, instance:TestNG.Day3@25df00a0]" started-at="2024-09-18T14:04:20 PDT" name="beforeSuite" finished-at="2024-09-18T14:04:20 PDT" duration-ms="23" status="PASS">
          <reporter-output>
          </reporter-output>
        </test-method> <!-- beforeSuite -->
        <test-method signature="WebLoginCarLoan()[pri:0, instance:TestNG.Day3@25df00a0]" started-at="2024-09-18T14:04:20 PDT" name="WebLoginCarLoan" finished-at="2024-09-18T14:04:20 PDT" duration-ms="2" status="PASS">
          <reporter-output>
          </reporter-output>
        </test-method> <!-- WebLoginCarLoan -->
        <test-method signature="MobileLoginCarLoan()[pri:0, instance:TestNG.Day3@25df00a0]" started-at="2024-09-18T14:04:20 PDT" name="MobileLoginCarLoan" finished-at="2024-09-18T14:04:20 PDT" duration-ms="2" status="PASS">
          <reporter-output>
          </reporter-output>
        </test-method> <!-- MobileLoginCarLoan -->
        <test-method signature="APICarLoan()[pri:0, instance:TestNG.Day3@25df00a0]" started-at="2024-09-18T14:04:20 PDT" name="APICarLoan" finished-at="2024-09-18T14:04:20 PDT" depends-on-methods="TestNG.Day3.WebLoginCarLoan" duration-ms="2" status="PASS">
          <reporter-output>
          </reporter-output>
        </test-method> <!-- APICarLoan -->
      </class> <!-- TestNG.Day3 -->
    </test> <!-- Personal Loan -->
  </suite> <!-- Loan Department -->
</testng-results>
